
 n  r  0.1000  0.2000  0.3000  0.4000  0.5000  0.6000  0.7000  0.8000  0.9000 
-----------------------------------------------------------------------------
 2  0  0.8100  0.6400  0.4900  0.3600  0.2500  0.1600  0.0900  0.0400  0.0100 
 2  1  0.1800  0.3200  0.4200  0.4800  0.5000  0.4800  0.4200  0.3200  0.1800 
 2  2  0.0100  0.0400  0.0900  0.1600  0.2500  0.3600  0.4900  0.6400  0.8100 

 3  0  0.7290  0.5120  0.3430  0.2160  0.1250  0.0640  0.0270  0.0080  0.0010 
 3  1  0.2430  0.3840  0.4410  0.4320  0.3750  0.2880  0.1890  0.0960  0.0270 
 3  2  0.0270  0.0960  0.1890  0.2880  0.3750  0.4320  0.4410  0.3840  0.2430 
 3  3  0.0010  0.0080  0.0270  0.0640  0.1250  0.2160  0.3430  0.5120  0.7290 

 4  0  0.6561  0.4096  0.2401  0.1296  0.0625  0.0256  0.0081  0.0016  0.0001 
 4  1  0.2916  0.4096  0.4116  0.3456  0.2500  0.1536  0.0756  0.0256  0.0036 
 4  2  0.0486  0.1536  0.2646  0.3456  0.3750  0.3456  0.2646  0.1536  0.0486 
 4  3  0.0036  0.0256  0.0756  0.1536  0.2500  0.3456  0.4116  0.4096  0.2916 
 4  4  0.0001  0.0016  0.0081  0.0256  0.0625  0.1296  0.2401  0.4096  0.6561 

 5  0  0.5905  0.3277  0.1681  0.0778  0.0312  0.0102  0.0024  0.0003  0.0000 
 5  1  0.3281  0.4096  0.3601  0.2592  0.1562  0.0768  0.0284  0.0064  0.0004 
 5  2  0.0729  0.2048  0.3087  0.3456  0.3125  0.2304  0.1323  0.0512  0.0081 
 5  3  0.0081  0.0512  0.1323  0.2304  0.3125  0.3456  0.3087  0.2048  0.0729 
 5  4  0.0005  0.0064  0.0283  0.0768  0.1562  0.2592  0.3601  0.4096  0.3280 
 5  5  0.0000  0.0003  0.0024  0.0102  0.0312  0.0778  0.1681  0.3277  0.5905 

 6  0  0.5314  0.2621  0.1176  0.0467  0.0156  0.0041  0.0007  0.0001  0.0000 
 6  1  0.3543  0.3932  0.3025  0.1866  0.0938  0.0369  0.0102  0.0015  0.0001 
 6  2  0.0984  0.2458  0.3241  0.3110  0.2344  0.1382  0.0595  0.0154  0.0012 
 6  3  0.0146  0.0819  0.1852  0.2765  0.3125  0.2765  0.1852  0.0819  0.0146 
 6  4  0.0012  0.0154  0.0595  0.1382  0.2344  0.3110  0.3241  0.2458  0.0984 
 6  5  0.0001  0.0015  0.0102  0.0369  0.0938  0.1866  0.3025  0.3932  0.3543 
 6  6  0.0000  0.0001  0.0007  0.0041  0.0156  0.0467  0.1176  0.2621  0.5314 

 7  0  0.4783  0.2097  0.0824  0.0280  0.0078  0.0016  0.0002  0.0000  0.0000 
 7  1  0.3720  0.3670  0.2471  0.1306  0.0547  0.0172  0.0036  0.0004  0.0000 
 7  2  0.1240  0.2753  0.3177  0.2613  0.1641  0.0774  0.0250  0.0043  0.0002 
 7  3  0.0230  0.1147  0.2269  0.2903  0.2734  0.1935  0.0972  0.0287  0.0026 
 7  4  0.0026  0.0287  0.0972  0.1935  0.2734  0.2903  0.2269  0.1147  0.0230 
 7  5  0.0002  0.0043  0.0250  0.0774  0.1641  0.2613  0.3177  0.2753  0.1240 
 7  6  0.0000  0.0004  0.0036  0.0172  0.0547  0.1306  0.2471  0.3670  0.3720 
 7  7  0.0000  0.0000  0.0002  0.0016  0.0078  0.0280  0.0824  0.2097  0.4783 

 8  0  0.4305  0.1678  0.0576  0.0168  0.0039  0.0007  0.0001  0.0000  0.0000 
 8  1  0.3826  0.3355  0.1977  0.0896  0.0312  0.0079  0.0012  0.0001  0.0000 
 8  2  0.1488  0.2936  0.2965  0.2090  0.1094  0.0413  0.0100  0.0011  0.0000 
 8  3  0.0331  0.1468  0.2541  0.2787  0.2188  0.1239  0.0467  0.0092  0.0004 
 8  4  0.0046  0.0459  0.1361  0.2322  0.2734  0.2322  0.1361  0.0459  0.0046 
 8  5  0.0004  0.0092  0.0467  0.1239  0.2188  0.2787  0.2541  0.1468  0.0331 
 8  6  0.0000  0.0011  0.0100  0.0413  0.1094  0.2090  0.2965  0.2936  0.1488 
 8  7  0.0000  0.0001  0.0012  0.0079  0.0312  0.0896  0.1977  0.3355  0.3826 
 8  8  0.0000  0.0000  0.0001  0.0007  0.0039  0.0168  0.0576  0.1678  0.4305 

 9  0  0.3874  0.1342  0.0404  0.0101  0.0020  0.0003  0.0000  0.0000  0.0000 
 9  1  0.3874  0.3020  0.1556  0.0605  0.0176  0.0035  0.0004  0.0000  0.0000 
 9  2  0.1722  0.3020  0.2668  0.1612  0.0703  0.0212  0.0039  0.0003  0.0000 
 9  3  0.0446  0.1762  0.2668  0.2508  0.1641  0.0743  0.0210  0.0028  0.0001 
 9  4  0.0074  0.0661  0.1715  0.2508  0.2461  0.1672  0.0735  0.0165  0.0008 
 9  5  0.0008  0.0165  0.0735  0.1672  0.2461  0.2508  0.1715  0.0661  0.0074 
 9  6  0.0001  0.0028  0.0210  0.0743  0.1641  0.2508  0.2668  0.1762  0.0446 
 9  7  0.0000  0.0003  0.0039  0.0212  0.0703  0.1612  0.2668  0.3020  0.1722 
 9  8  0.0000  0.0000  0.0004  0.0035  0.0176  0.0605  0.1556  0.3020  0.3874 
 9  9  0.0000  0.0000  0.0000  0.0003  0.0020  0.0101  0.0404  0.1342  0.3874 

10  0  0.3487  0.1074  0.0282  0.0060  0.0010  0.0001  0.0000  0.0000  0.0000 
10  1  0.3874  0.2684  0.1211  0.0403  0.0098  0.0016  0.0001  0.0000  0.0000 
10  2  0.1937  0.3020  0.2335  0.1209  0.0439  0.0106  0.0014  0.0001  0.0000 
10  3  0.0574  0.2013  0.2668  0.2150  0.1172  0.0425  0.0090  0.0008  0.0000 
10  4  0.0112  0.0881  0.2001  0.2508  0.2051  0.1115  0.0368  0.0055  0.0001 
10  5  0.0015  0.0264  0.1029  0.2007  0.2461  0.2007  0.1029  0.0264  0.0015 
10  6  0.0001  0.0055  0.0368  0.1115  0.2051  0.2508  0.2001  0.0881  0.0112 
10  7  0.0000  0.0008  0.0090  0.0425  0.1172  0.2150  0.2668  0.2013  0.0574 
10  8  0.0000  0.0001  0.0014  0.0106  0.0439  0.1209  0.2335  0.3020  0.1937 
10  9  0.0000  0.0000  0.0001  0.0016  0.0098  0.0403  0.1211  0.2684  0.3874 
10 10  0.0000  0.0000  0.0000  0.0001  0.0010  0.0060  0.0282  0.1074  0.3487 

11  0  0.3138  0.0859  0.0198  0.0036  0.0005  0.0000  0.0000  0.0000  0.0000 
11  1  0.3835  0.2362  0.0932  0.0266  0.0054  0.0007  0.0000  0.0000  0.0000 
11  2  0.2131  0.2953  0.1998  0.0887  0.0269  0.0052  0.0005  0.0000  0.0000 
11  3  0.0710  0.2215  0.2568  0.1774  0.0806  0.0234  0.0037  0.0002  0.0000 
11  4  0.0158  0.1107  0.2201  0.2365  0.1611  0.0701  0.0173  0.0017  0.0000 
11  5  0.0025  0.0388  0.1321  0.2207  0.2256  0.1471  0.0566  0.0097  0.0003 
11  6  0.0003  0.0097  0.0566  0.1471  0.2256  0.2207  0.1321  0.0388  0.0025 
11  7  0.0000  0.0017  0.0173  0.0701  0.1611  0.2365  0.2201  0.1107  0.0158 
11  8  0.0000  0.0002  0.0037  0.0234  0.0806  0.1774  0.2568  0.2215  0.0710 
11  9  0.0000  0.0000  0.0005  0.0052  0.0269  0.0887  0.1998  0.2953  0.2131 
11 10  0.0000  0.0000  0.0000  0.0007  0.0054  0.0266  0.0932  0.2362  0.3835 
11 11  0.0000  0.0000  0.0000  0.0000  0.0005  0.0036  0.0198  0.0859  0.3138 

12  0  0.2824  0.0687  0.0138  0.0022  0.0002  0.0000  0.0000  0.0000  0.0000 
12  1  0.3766  0.2062  0.0712  0.0174  0.0029  0.0003  0.0000  0.0000  0.0000 
12  2  0.2301  0.2835  0.1678  0.0639  0.0161  0.0025  0.0002  0.0000  0.0000 
12  3  0.0852  0.2362  0.2397  0.1419  0.0537  0.0125  0.0015  0.0001  0.0000 
12  4  0.0213  0.1329  0.2311  0.2128  0.1208  0.0420  0.0078  0.0005  0.0000 
12  5  0.0038  0.0532  0.1585  0.2270  0.1934  0.1009  0.0291  0.0033  0.0000 
12  6  0.0005  0.0155  0.0792  0.1766  0.2256  0.1766  0.0792  0.0155  0.0005 
12  7  0.0000  0.0033  0.0291  0.1009  0.1934  0.2270  0.1585  0.0532  0.0038 
12  8  0.0000  0.0005  0.0078  0.0420  0.1208  0.2128  0.2311  0.1329  0.0213 
12  9  0.0000  0.0001  0.0015  0.0125  0.0537  0.1419  0.2397  0.2362  0.0852 
12 10  0.0000  0.0000  0.0002  0.0025  0.0161  0.0639  0.1678  0.2835  0.2301 
12 11  0.0000  0.0000  0.0000  0.0003  0.0029  0.0174  0.0712  0.2062  0.3766 
12 12  0.0000  0.0000  0.0000  0.0000  0.0002  0.0022  0.0138  0.0687  0.2824 

13  0  0.2542  0.0550  0.0097  0.0013  0.0001  0.0000  0.0000  0.0000  0.0000 
13  1  0.3672  0.1787  0.0540  0.0113  0.0016  0.0001  0.0000  0.0000  0.0000 
13  2  0.2448  0.2680  0.1388  0.0453  0.0095  0.0012  0.0001  0.0000  0.0000 
13  3  0.0997  0.2457  0.2181  0.1107  0.0349  0.0065  0.0006  0.0000  0.0000 
13  4  0.0277  0.1535  0.2337  0.1845  0.0873  0.0243  0.0034  0.0001  0.0000 
13  5  0.0055  0.0691  0.1803  0.2214  0.1571  0.0656  0.0142  0.0011  0.0000 
13  6  0.0008  0.0230  0.1030  0.1968  0.2095  0.1312  0.0442  0.0058  0.0001 
13  7  0.0001  0.0058  0.0442  0.1312  0.2095  0.1968  0.1030  0.0230  0.0008 
13  8  0.0000  0.0011  0.0142  0.0656  0.1571  0.2214  0.1803  0.0691  0.0055 
13  9  0.0000  0.0001  0.0034  0.0243  0.0873  0.1845  0.2337  0.1535  0.0277 
13 10  0.0000  0.0000  0.0006  0.0065  0.0349  0.1107  0.2181  0.2457  0.0997 
13 11  0.0000  0.0000  0.0001  0.0012  0.0095  0.0453  0.1388  0.2680  0.2448 
13 12  0.0000  0.0000  0.0000  0.0001  0.0016  0.0113  0.0540  0.1787  0.3672 
13 13  0.0000  0.0000  0.0000  0.0000  0.0001  0.0013  0.0097  0.0550  0.2542 

14  0  0.2288  0.0440  0.0068  0.0008  0.0001  0.0000  0.0000  0.0000  0.0000 
14  1  0.3559  0.1539  0.0407  0.0073  0.0009  0.0001  0.0000  0.0000  0.0000 
14  2  0.2570  0.2501  0.1134  0.0317  0.0056  0.0005  0.0000  0.0000  0.0000 
14  3  0.1142  0.2501  0.1943  0.0845  0.0222  0.0033  0.0002  0.0000  0.0000 
14  4  0.0349  0.1720  0.2290  0.1549  0.0611  0.0136  0.0014  0.0000  0.0000 
14  5  0.0078  0.0860  0.1963  0.2066  0.1222  0.0408  0.0066  0.0003  0.0000 
14  6  0.0013  0.0322  0.1262  0.2066  0.1833  0.0918  0.0232  0.0020  0.0000 
14  7  0.0002  0.0092  0.0618  0.1574  0.2095  0.1574  0.0618  0.0092  0.0002 
14  8  0.0000  0.0020  0.0232  0.0918  0.1833  0.2066  0.1262  0.0322  0.0013 
14  9  0.0000  0.0003  0.0066  0.0408  0.1222  0.2066  0.1963  0.0860  0.0078 
14 10  0.0000  0.0000  0.0014  0.0136  0.0611  0.1549  0.2290  0.1720  0.0349 
14 11  0.0000  0.0000  0.0002  0.0033  0.0222  0.0845  0.1943  0.2501  0.1142 
14 12  0.0000  0.0000  0.0000  0.0005  0.0056  0.0317  0.1134  0.2501  0.2570 
14 13  0.0000  0.0000  0.0000  0.0001  0.0009  0.0073  0.0407  0.1539  0.3559 
14 14  0.0000  0.0000  0.0000  0.0000  0.0001  0.0008  0.0068  0.0440  0.2288 

15  0  0.2059  0.0352  0.0047  0.0005  0.0000  0.0000  0.0000  0.0000  0.0000 
15  1  0.3432  0.1319  0.0305  0.0047  0.0005  0.0000  0.0000  0.0000  0.0000 
15  2  0.2669  0.2309  0.0916  0.0219  0.0032  0.0003  0.0000  0.0000  0.0000 
15  3  0.1285  0.2501  0.1700  0.0634  0.0139  0.0016  0.0001  0.0000  0.0000 
15  4  0.0428  0.1876  0.2186  0.1268  0.0417  0.0074  0.0006  0.0000  0.0000 
15  5  0.0105  0.1032  0.2061  0.1859  0.0916  0.0245  0.0030  0.0001  0.0000 
15  6  0.0019  0.0430  0.1472  0.2066  0.1527  0.0612  0.0116  0.0007  0.0000 
15  7  0.0003  0.0138  0.0811  0.1771  0.1964  0.1181  0.0348  0.0035  0.0000 
15  8  0.0000  0.0035  0.0348  0.1181  0.1964  0.1771  0.0811  0.0138  0.0003 
15  9  0.0000  0.0007  0.0116  0.0612  0.1527  0.2066  0.1472  0.0430  0.0019 
15 10  0.0000  0.0001  0.0030  0.0245  0.0916  0.1859  0.2061  0.1032  0.0105 
15 11  0.0000  0.0000  0.0006  0.0074  0.0417  0.1268  0.2186  0.1876  0.0428 
15 12  0.0000  0.0000  0.0001  0.0016  0.0139  0.0634  0.1700  0.2501  0.1285 
15 13  0.0000  0.0000  0.0000  0.0003  0.0032  0.0219  0.0916  0.2309  0.2669 
15 14  0.0000  0.0000  0.0000  0.0000  0.0005  0.0047  0.0305  0.1319  0.3432 
15 15  0.0000  0.0000  0.0000  0.0000  0.0000  0.0005  0.0047  0.0352  0.2059 

16  0  0.1853  0.0281  0.0033  0.0003  0.0000  0.0000  0.0000  0.0000  0.0000 
16  1  0.3294  0.1126  0.0228  0.0030  0.0002  0.0000  0.0000  0.0000  0.0000 
16  2  0.2745  0.2111  0.0732  0.0150  0.0018  0.0001  0.0000  0.0000  0.0000 
16  3  0.1423  0.2463  0.1465  0.0468  0.0085  0.0008  0.0000  0.0000  0.0000 
16  4  0.0514  0.2001  0.2040  0.1014  0.0278  0.0040  0.0002  0.0000  0.0000 
16  5  0.0137  0.1201  0.2099  0.1623  0.0667  0.0142  0.0013  0.0000  0.0000 
16  6  0.0028  0.0550  0.1649  0.1983  0.1222  0.0392  0.0056  0.0002  0.0000 
16  7  0.0004  0.0197  0.1010  0.1889  0.1746  0.0840  0.0185  0.0012  0.0000 
16  8  0.0001  0.0055  0.0487  0.1417  0.1964  0.1417  0.0487  0.0055  0.0001 
16  9  0.0000  0.0012  0.0185  0.0840  0.1746  0.1889  0.1010  0.0197  0.0004 
16 10  0.0000  0.0002  0.0056  0.0392  0.1222  0.1983  0.1649  0.0550  0.0028 
16 11  0.0000  0.0000  0.0013  0.0142  0.0667  0.1623  0.2099  0.1201  0.0137 
16 12  0.0000  0.0000  0.0002  0.0040  0.0278  0.1014  0.2040  0.2001  0.0514 
16 13  0.0000  0.0000  0.0000  0.0008  0.0085  0.0468  0.1465  0.2463  0.1423 
16 14  0.0000  0.0000  0.0000  0.0001  0.0018  0.0150  0.0732  0.2111  0.2745 
16 15  0.0000  0.0000  0.0000  0.0000  0.0002  0.0030  0.0228  0.1126  0.3294 
16 16  0.0000  0.0000  0.0000  0.0000  0.0000  0.0003  0.0033  0.0281  0.1853 

17  0  0.1668  0.0225  0.0023  0.0002  0.0000  0.0000  0.0000  0.0000  0.0000 
17  1  0.3150  0.0957  0.0169  0.0019  0.0001  0.0000  0.0000  0.0000  0.0000 
17  2  0.2800  0.1914  0.0581  0.0102  0.0010  0.0001  0.0000  0.0000  0.0000 
17  3  0.1556  0.2393  0.1245  0.0341  0.0052  0.0004  0.0000  0.0000  0.0000 
17  4  0.0605  0.2093  0.1868  0.0796  0.0182  0.0021  0.0001  0.0000  0.0000 
17  5  0.0175  0.1361  0.2081  0.1379  0.0472  0.0081  0.0006  0.0000  0.0000 
17  6  0.0039  0.0680  0.1784  0.1839  0.0944  0.0242  0.0026  0.0001  0.0000 
17  7  0.0007  0.0267  0.1201  0.1927  0.1484  0.0571  0.0095  0.0004  0.0000 
17  8  0.0001  0.0084  0.0644  0.1606  0.1855  0.1070  0.0276  0.0021  0.0000 
17  9  0.0000  0.0021  0.0276  0.1070  0.1855  0.1606  0.0644  0.0084  0.0001 
17 10  0.0000  0.0004  0.0095  0.0571  0.1484  0.1927  0.1201  0.0267  0.0007 
17 11  0.0000  0.0001  0.0026  0.0242  0.0944  0.1839  0.1784  0.0680  0.0039 
17 12  0.0000  0.0000  0.0006  0.0081  0.0472  0.1379  0.2081  0.1361  0.0175 
17 13  0.0000  0.0000  0.0001  0.0021  0.0182  0.0796  0.1868  0.2093  0.0605 
17 14  0.0000  0.0000  0.0000  0.0004  0.0052  0.0341  0.1245  0.2393  0.1556 
17 15  0.0000  0.0000  0.0000  0.0001  0.0010  0.0102  0.0581  0.1914  0.2800 
17 16  0.0000  0.0000  0.0000  0.0000  0.0001  0.0019  0.0169  0.0957  0.3150 
17 17  0.0000  0.0000  0.0000  0.0000  0.0000  0.0002  0.0023  0.0225  0.1668 

18  0  0.1501  0.0180  0.0016  0.0001  0.0000  0.0000  0.0000  0.0000  0.0000 
18  1  0.3002  0.0811  0.0126  0.0012  0.0001  0.0000  0.0000  0.0000  0.0000 
18  2  0.2835  0.1723  0.0458  0.0069  0.0006  0.0000  0.0000  0.0000  0.0000 
18  3  0.1680  0.2297  0.1046  0.0246  0.0031  0.0002  0.0000  0.0000  0.0000 
18  4  0.0700  0.2153  0.1681  0.0614  0.0117  0.0011  0.0000  0.0000  0.0000 
18  5  0.0218  0.1507  0.2017  0.1146  0.0327  0.0045  0.0002  0.0000  0.0000 
18  6  0.0052  0.0816  0.1873  0.1655  0.0708  0.0145  0.0012  0.0000  0.0000 
18  7  0.0010  0.0350  0.1376  0.1892  0.1214  0.0374  0.0046  0.0001  0.0000 
18  8  0.0002  0.0120  0.0811  0.1734  0.1669  0.0771  0.0149  0.0008  0.0000 
18  9  0.0000  0.0033  0.0386  0.1284  0.1855  0.1284  0.0386  0.0033  0.0000 
18 10  0.0000  0.0008  0.0149  0.0771  0.1669  0.1734  0.0811  0.0120  0.0002 
18 11  0.0000  0.0001  0.0046  0.0374  0.1214  0.1892  0.1376  0.0350  0.0010 
18 12  0.0000  0.0000  0.0012  0.0145  0.0708  0.1655  0.1873  0.0816  0.0052 
18 13  0.0000  0.0000  0.0002  0.0045  0.0327  0.1146  0.2017  0.1507  0.0218 
18 14  0.0000  0.0000  0.0000  0.0011  0.0117  0.0614  0.1681  0.2153  0.0700 
18 15  0.0000  0.0000  0.0000  0.0002  0.0031  0.0246  0.1046  0.2297  0.1680 
18 16  0.0000  0.0000  0.0000  0.0000  0.0006  0.0069  0.0458  0.1723  0.2835 
18 17  0.0000  0.0000  0.0000  0.0000  0.0001  0.0012  0.0126  0.0811  0.3002 
18 18  0.0000  0.0000  0.0000  0.0000  0.0000  0.0001  0.0016  0.0180  0.1501 

19  0  0.1351  0.0144  0.0011  0.0001  0.0000  0.0000  0.0000  0.0000  0.0000 
19  1  0.2852  0.0685  0.0093  0.0008  0.0000  0.0000  0.0000  0.0000  0.0000 
19  2  0.2852  0.1540  0.0358  0.0046  0.0003  0.0000  0.0000  0.0000  0.0000 
19  3  0.1796  0.2182  0.0869  0.0175  0.0018  0.0001  0.0000  0.0000  0.0000 
19  4  0.0798  0.2182  0.1491  0.0467  0.0074  0.0005  0.0000  0.0000  0.0000 
19  5  0.0266  0.1636  0.1916  0.0933  0.0222  0.0024  0.0001  0.0000  0.0000 
19  6  0.0069  0.0955  0.1916  0.1451  0.0518  0.0085  0.0005  0.0000  0.0000 
19  7  0.0014  0.0443  0.1525  0.1797  0.0961  0.0237  0.0022  0.0000  0.0000 
19  8  0.0002  0.0166  0.0981  0.1797  0.1442  0.0532  0.0077  0.0003  0.0000 
19  9  0.0000  0.0051  0.0514  0.1464  0.1762  0.0976  0.0220  0.0013  0.0000 
19 10  0.0000  0.0013  0.0220  0.0976  0.1762  0.1464  0.0514  0.0051  0.0000 
19 11  0.0000  0.0003  0.0077  0.0532  0.1442  0.1797  0.0981  0.0166  0.0002 
19 12  0.0000  0.0000  0.0022  0.0237  0.0961  0.1797  0.1525  0.0443  0.0014 
19 13  0.0000  0.0000  0.0005  0.0085  0.0518  0.1451  0.1916  0.0955  0.0069 
19 14  0.0000  0.0000  0.0001  0.0024  0.0222  0.0933  0.1916  0.1636  0.0266 
19 15  0.0000  0.0000  0.0000  0.0005  0.0074  0.0467  0.1491  0.2182  0.0798 
19 16  0.0000  0.0000  0.0000  0.0001  0.0018  0.0175  0.0869  0.2182  0.1796 
19 17  0.0000  0.0000  0.0000  0.0000  0.0003  0.0046  0.0358  0.1540  0.2852 
19 18  0.0000  0.0000  0.0000  0.0000  0.0000  0.0008  0.0093  0.0685  0.2852 
19 19  0.0000  0.0000  0.0000  0.0000  0.0000  0.0001  0.0011  0.0144  0.1351 

20  0  0.1216  0.0115  0.0008  0.0000  0.0000  0.0000  0.0000  0.0000  0.0000 
20  1  0.2702  0.0576  0.0068  0.0005  0.0000  0.0000  0.0000  0.0000  0.0000 
20  2  0.2852  0.1369  0.0278  0.0031  0.0002  0.0000  0.0000  0.0000  0.0000 
20  3  0.1901  0.2054  0.0716  0.0123  0.0011  0.0000  0.0000  0.0000  0.0000 
20  4  0.0898  0.2182  0.1304  0.0350  0.0046  0.0003  0.0000  0.0000  0.0000 
20  5  0.0319  0.1746  0.1789  0.0746  0.0148  0.0013  0.0000  0.0000  0.0000 
20  6  0.0089  0.1091  0.1916  0.1244  0.0370  0.0049  0.0002  0.0000  0.0000 
20  7  0.0020  0.0545  0.1643  0.1659  0.0739  0.0146  0.0010  0.0000  0.0000 
20  8  0.0004  0.0222  0.1144  0.1797  0.1201  0.0355  0.0039  0.0001  0.0000 
20  9  0.0001  0.0074  0.0654  0.1597  0.1602  0.0710  0.0120  0.0005  0.0000 
20 10  0.0000  0.0020  0.0308  0.1171  0.1762  0.1171  0.0308  0.0020  0.0000 
20 11  0.0000  0.0005  0.0120  0.0710  0.1602  0.1597  0.0654  0.0074  0.0001 
20 12  0.0000  0.0001  0.0039  0.0355  0.1201  0.1797  0.1144  0.0222  0.0004 
20 13  0.0000  0.0000  0.0010  0.0146  0.0739  0.1659  0.1643  0.0545  0.0020 
20 14  0.0000  0.0000  0.0002  0.0049  0.0370  0.1244  0.1916  0.1091  0.0089 
20 15  0.0000  0.0000  0.0000  0.0013  0.0148  0.0746  0.1789  0.1746  0.0319 
20 16  0.0000  0.0000  0.0000  0.0003  0.0046  0.0350  0.1304  0.2182  0.0898 
20 17  0.0000  0.0000  0.0000  0.0000  0.0011  0.0123  0.0716  0.2054  0.1901 
20 18  0.0000  0.0000  0.0000  0.0000  0.0002  0.0031  0.0278  0.1369  0.2852 
20 19  0.0000  0.0000  0.0000  0.0000  0.0000  0.0005  0.0068  0.0576  0.2702 
20 20  0.0000  0.0000  0.0000  0.0000  0.0000  0.0000  0.0008  0.0115  0.1216 

